빌드 시작: 2021-02-26 오후 6:52:52
     1>2 노드의 "D:\Data\Github\Study_C\Input_and_Keyword\Input_and_Keyword\Input_and_Keyword.vcxproj" 프로젝트(build 대상)입니다.
     1>InitializeBuildStatus:
         "AlwaysCreate"이(가) 지정되었기 때문에 "Debug\Input_and_Keyword.unsuccessfulbuild"을(를) 만들고 있습니다.
       ClCompile:
         D:\Software\Microsoft Visual C++ 2010\VC\bin\CL.exe /c /ZI /nologo /W3 /WX- /Od /Oy- /D WIN32 /D _DEBUG /D _CONSOLE /D _UNICODE /D UNICODE /Gm /EHsc /RTC1 /MDd /GS /fp:precise /Zc:wchar_t /Zc:forScope /Fo"Debug\\" /Fd"Debug\vc100.pdb" /Gd /TC /analyze- /errorReport:prompt Input_and_Keyword.c
         Input_and_Keyword.c
     1>d:\data\github\study_c\input_and_keyword\input_and_keyword\input_and_keyword.c(1): warning C4067: 전처리기 지시문 다음에 예기치 않은 토큰이 있습니다. 줄 바꿈 문자가 필요합니다.
     1>d:\data\github\study_c\input_and_keyword\input_and_keyword\input_and_keyword.c(6): warning C4013: 'SimpleAddOne'이(가) 정의되지 않았습니다. extern은 int형을 반환하는 것으로 간주합니다.
     1>d:\data\github\study_c\input_and_keyword\input_and_keyword\input_and_keyword.c(7): warning C4013: 'SimpleAddTwo'이(가) 정의되지 않았습니다. extern은 int형을 반환하는 것으로 간주합니다.
     1>d:\data\github\study_c\input_and_keyword\input_and_keyword\input_and_keyword.c(8): warning C4013: 'SimpleAddThree'이(가) 정의되지 않았습니다. extern은 int형을 반환하는 것으로 간주합니다.
     1>d:\data\github\study_c\input_and_keyword\input_and_keyword\input_and_keyword.c(16): warning C4996: 'scanf': This function or variable may be unsafe. Consider using scanf_s instead. To disable deprecation, use _CRT_SECURE_NO_WARNINGS. See online help for details.
                 d:\software\microsoft visual c++ 2010\vc\include\stdio.h(304) : 'scanf' 선언을 참조하십시오.
     1>d:\data\github\study_c\input_and_keyword\input_and_keyword\input_and_keyword.c(33): warning C4996: 'scanf': This function or variable may be unsafe. Consider using scanf_s instead. To disable deprecation, use _CRT_SECURE_NO_WARNINGS. See online help for details.
                 d:\software\microsoft visual c++ 2010\vc\include\stdio.h(304) : 'scanf' 선언을 참조하십시오.
     1>d:\data\github\study_c\input_and_keyword\input_and_keyword\input_and_keyword.c(35): warning C4996: 'scanf': This function or variable may be unsafe. Consider using scanf_s instead. To disable deprecation, use _CRT_SECURE_NO_WARNINGS. See online help for details.
                 d:\software\microsoft visual c++ 2010\vc\include\stdio.h(304) : 'scanf' 선언을 참조하십시오.
     1>d:\data\github\study_c\input_and_keyword\input_and_keyword\input_and_keyword.c(50): warning C4996: 'scanf': This function or variable may be unsafe. Consider using scanf_s instead. To disable deprecation, use _CRT_SECURE_NO_WARNINGS. See online help for details.
                 d:\software\microsoft visual c++ 2010\vc\include\stdio.h(304) : 'scanf' 선언을 참조하십시오.
       ManifestResourceCompile:
         모든 출력이 최신 상태입니다.
       Link:
         D:\Software\Microsoft Visual C++ 2010\VC\bin\link.exe /ERRORREPORT:PROMPT /OUT:"D:\Data\Github\Study_C\Input_and_Keyword\Debug\Input_and_Keyword.exe" /INCREMENTAL /NOLOGO kernel32.lib user32.lib gdi32.lib winspool.lib comdlg32.lib advapi32.lib shell32.lib ole32.lib oleaut32.lib uuid.lib odbc32.lib odbccp32.lib /MANIFEST /ManifestFile:"Debug\Input_and_Keyword.exe.intermediate.manifest" /MANIFESTUAC:"level='asInvoker' uiAccess='false'" /DEBUG /PDB:"D:\Data\Github\Study_C\Input_and_Keyword\Debug\Input_and_Keyword.pdb" /SUBSYSTEM:CONSOLE /TLBID:1 /DYNAMICBASE /NXCOMPAT /IMPLIB:"D:\Data\Github\Study_C\Input_and_Keyword\Debug\Input_and_Keyword.lib" /MACHINE:X86 Debug\Input_and_Keyword.exe.embed.manifest.res
         Debug\Input_and_Keyword.obj
       Manifest:
         C:\Program Files (x86)\Microsoft SDKs\Windows\v7.0A\bin\mt.exe /nologo /verbose /out:"Debug\Input_and_Keyword.exe.embed.manifest" /manifest Debug\Input_and_Keyword.exe.intermediate.manifest
         모든 출력이 최신 상태입니다.
       LinkEmbedManifest:
         모든 출력이 최신 상태입니다.
         Input_and_Keyword.vcxproj -> D:\Data\Github\Study_C\Input_and_Keyword\Debug\Input_and_Keyword.exe
       FinalizeBuildStatus:
         "Debug\Input_and_Keyword.unsuccessfulbuild" 파일을 삭제하고 있습니다.
         "Debug\Input_and_Keyword.lastbuildstate"에 연결(touching)하고 있습니다.
     1>"D:\Data\Github\Study_C\Input_and_Keyword\Input_and_Keyword\Input_and_Keyword.vcxproj" 프로젝트를 빌드했습니다(build 대상).

빌드했습니다.

경과 시간: 00:00:00.71
