빌드 시작: 2021-02-26 오후 7:27:03
     1>2 노드의 "D:\Data\Github\Study_C\Exam_03-1\Exam_03-1\Exam_03-1.vcxproj" 프로젝트(build 대상)입니다.
     1>InitializeBuildStatus:
         "AlwaysCreate"이(가) 지정되었기 때문에 "Debug\Exam_03-1.unsuccessfulbuild"을(를) 만들고 있습니다.
       ClCompile:
         D:\Software\Microsoft Visual C++ 2010\VC\bin\CL.exe /c /ZI /nologo /W3 /WX- /Od /Oy- /D WIN32 /D _DEBUG /D _CONSOLE /D _UNICODE /D UNICODE /Gm /EHsc /RTC1 /MDd /GS /fp:precise /Zc:wchar_t /Zc:forScope /Fo"Debug\\" /Fd"Debug\vc100.pdb" /Gd /TC /analyze- /errorReport:prompt Exam_03_1.c
         Exam_03_1.c
     1>d:\data\github\study_c\exam_03-1\exam_03-1\exam_03_1.c(6): warning C4013: 'exam_01'이(가) 정의되지 않았습니다. extern은 int형을 반환하는 것으로 간주합니다.
     1>d:\data\github\study_c\exam_03-1\exam_03-1\exam_03_1.c(7): warning C4013: 'exam_02'이(가) 정의되지 않았습니다. extern은 int형을 반환하는 것으로 간주합니다.
     1>d:\data\github\study_c\exam_03-1\exam_03-1\exam_03_1.c(8): warning C4013: 'exam_03'이(가) 정의되지 않았습니다. extern은 int형을 반환하는 것으로 간주합니다.
     1>d:\data\github\study_c\exam_03-1\exam_03-1\exam_03_1.c(9): warning C4013: 'exam_04'이(가) 정의되지 않았습니다. extern은 int형을 반환하는 것으로 간주합니다.
     1>d:\data\github\study_c\exam_03-1\exam_03-1\exam_03_1.c(10): warning C4013: 'exam_05'이(가) 정의되지 않았습니다. extern은 int형을 반환하는 것으로 간주합니다.
     1>d:\data\github\study_c\exam_03-1\exam_03-1\exam_03_1.c(20): warning C4996: 'scanf': This function or variable may be unsafe. Consider using scanf_s instead. To disable deprecation, use _CRT_SECURE_NO_WARNINGS. See online help for details.
                 d:\software\microsoft visual c++ 2010\vc\include\stdio.h(304) : 'scanf' 선언을 참조하십시오.
     1>d:\data\github\study_c\exam_03-1\exam_03-1\exam_03_1.c(36): warning C4996: 'scanf': This function or variable may be unsafe. Consider using scanf_s instead. To disable deprecation, use _CRT_SECURE_NO_WARNINGS. See online help for details.
                 d:\software\microsoft visual c++ 2010\vc\include\stdio.h(304) : 'scanf' 선언을 참조하십시오.
     1>d:\data\github\study_c\exam_03-1\exam_03-1\exam_03_1.c(49): warning C4996: 'scanf': This function or variable may be unsafe. Consider using scanf_s instead. To disable deprecation, use _CRT_SECURE_NO_WARNINGS. See online help for details.
                 d:\software\microsoft visual c++ 2010\vc\include\stdio.h(304) : 'scanf' 선언을 참조하십시오.
     1>d:\data\github\study_c\exam_03-1\exam_03-1\exam_03_1.c(60): warning C4996: 'scanf': This function or variable may be unsafe. Consider using scanf_s instead. To disable deprecation, use _CRT_SECURE_NO_WARNINGS. See online help for details.
                 d:\software\microsoft visual c++ 2010\vc\include\stdio.h(304) : 'scanf' 선언을 참조하십시오.
     1>d:\data\github\study_c\exam_03-1\exam_03-1\exam_03_1.c(74): warning C4996: 'scanf': This function or variable may be unsafe. Consider using scanf_s instead. To disable deprecation, use _CRT_SECURE_NO_WARNINGS. See online help for details.
                 d:\software\microsoft visual c++ 2010\vc\include\stdio.h(304) : 'scanf' 선언을 참조하십시오.
       ManifestResourceCompile:
         모든 출력이 최신 상태입니다.
       Link:
         D:\Software\Microsoft Visual C++ 2010\VC\bin\link.exe /ERRORREPORT:PROMPT /OUT:"D:\Data\Github\Study_C\Exam_03-1\Debug\Exam_03-1.exe" /INCREMENTAL /NOLOGO kernel32.lib user32.lib gdi32.lib winspool.lib comdlg32.lib advapi32.lib shell32.lib ole32.lib oleaut32.lib uuid.lib odbc32.lib odbccp32.lib /MANIFEST /ManifestFile:"Debug\Exam_03-1.exe.intermediate.manifest" /MANIFESTUAC:"level='asInvoker' uiAccess='false'" /DEBUG /PDB:"D:\Data\Github\Study_C\Exam_03-1\Debug\Exam_03-1.pdb" /SUBSYSTEM:CONSOLE /TLBID:1 /DYNAMICBASE /NXCOMPAT /IMPLIB:"D:\Data\Github\Study_C\Exam_03-1\Debug\Exam_03-1.lib" /MACHINE:X86 "Debug\Exam_03-1.exe.embed.manifest.res"
         Debug\Exam_03_1.obj
       Manifest:
         C:\Program Files (x86)\Microsoft SDKs\Windows\v7.0A\bin\mt.exe /nologo /verbose /out:"Debug\Exam_03-1.exe.embed.manifest" /manifest "Debug\Exam_03-1.exe.intermediate.manifest"
         모든 출력이 최신 상태입니다.
       LinkEmbedManifest:
         모든 출력이 최신 상태입니다.
         Exam_03-1.vcxproj -> D:\Data\Github\Study_C\Exam_03-1\Debug\Exam_03-1.exe
       FinalizeBuildStatus:
         "Debug\Exam_03-1.unsuccessfulbuild" 파일을 삭제하고 있습니다.
         "Debug\Exam_03-1.lastbuildstate"에 연결(touching)하고 있습니다.
     1>"D:\Data\Github\Study_C\Exam_03-1\Exam_03-1\Exam_03-1.vcxproj" 프로젝트를 빌드했습니다(build 대상).

빌드했습니다.

경과 시간: 00:00:00.68
