빌드 시작: 2021-02-27 오후 4:59:45
     1>2 노드의 "D:\Data\Github\Study_C\Number_Notation\Number_Notation\Number_Notation.vcxproj" 프로젝트(build 대상)입니다.
     1>InitializeBuildStatus:
         "AlwaysCreate"이(가) 지정되었기 때문에 "Debug\Number_Notation.unsuccessfulbuild"을(를) 만들고 있습니다.
       ClCompile:
         D:\Software\Microsoft Visual C++ 2010\VC\bin\CL.exe /c /ZI /nologo /W3 /WX- /Od /Oy- /D WIN32 /D _DEBUG /D _CONSOLE /D _UNICODE /D UNICODE /Gm /EHsc /RTC1 /MDd /GS /fp:precise /Zc:wchar_t /Zc:forScope /Fo"Debug\\" /Fd"Debug\vc100.pdb" /Gd /TC /analyze- /errorReport:prompt Number_Notation.c
         Number_Notation.c
     1>d:\data\github\study_c\number_notation\number_notation\number_notation.c(1): warning C4067: 전처리기 지시문 다음에 예기치 않은 토큰이 있습니다. 줄 바꿈 문자가 필요합니다.
     1>d:\data\github\study_c\number_notation\number_notation\number_notation.c(8): warning C4013: 'Notation'이(가) 정의되지 않았습니다. extern은 int형을 반환하는 것으로 간주합니다.
     1>d:\data\github\study_c\number_notation\number_notation\number_notation.c(9): warning C4013: 'FloatError'이(가) 정의되지 않았습니다. extern은 int형을 반환하는 것으로 간주합니다.
     1>d:\data\github\study_c\number_notation\number_notation\number_notation.c(38): warning C4305: '+=' : 'double'에서 'float'(으)로 잘립니다.
       ManifestResourceCompile:
         모든 출력이 최신 상태입니다.
       Link:
         D:\Software\Microsoft Visual C++ 2010\VC\bin\link.exe /ERRORREPORT:PROMPT /OUT:"D:\Data\Github\Study_C\Number_Notation\Debug\Number_Notation.exe" /INCREMENTAL /NOLOGO kernel32.lib user32.lib gdi32.lib winspool.lib comdlg32.lib advapi32.lib shell32.lib ole32.lib oleaut32.lib uuid.lib odbc32.lib odbccp32.lib /MANIFEST /ManifestFile:"Debug\Number_Notation.exe.intermediate.manifest" /MANIFESTUAC:"level='asInvoker' uiAccess='false'" /DEBUG /PDB:"D:\Data\Github\Study_C\Number_Notation\Debug\Number_Notation.pdb" /SUBSYSTEM:CONSOLE /TLBID:1 /DYNAMICBASE /NXCOMPAT /IMPLIB:"D:\Data\Github\Study_C\Number_Notation\Debug\Number_Notation.lib" /MACHINE:X86 Debug\Number_Notation.exe.embed.manifest.res
         Debug\Number_Notation.obj
       Manifest:
         C:\Program Files (x86)\Microsoft SDKs\Windows\v7.0A\bin\mt.exe /nologo /verbose /out:"Debug\Number_Notation.exe.embed.manifest" /manifest Debug\Number_Notation.exe.intermediate.manifest
         모든 출력이 최신 상태입니다.
       LinkEmbedManifest:
         모든 출력이 최신 상태입니다.
         Number_Notation.vcxproj -> D:\Data\Github\Study_C\Number_Notation\Debug\Number_Notation.exe
       FinalizeBuildStatus:
         "Debug\Number_Notation.unsuccessfulbuild" 파일을 삭제하고 있습니다.
         "Debug\Number_Notation.lastbuildstate"에 연결(touching)하고 있습니다.
     1>"D:\Data\Github\Study_C\Number_Notation\Number_Notation\Number_Notation.vcxproj" 프로젝트를 빌드했습니다(build 대상).

빌드했습니다.

경과 시간: 00:00:00.70
